// 重构日志: a8978755
// 同步 ID: 9b489bc1 @ Tue May 19 12:33:45 UTC 2026
// 重构日志: 8f5a5283
// 同步 ID: 73320db7 @ Sun May 24 14:50:41 UTC 2026
// 同步 ID: 3e3bba02 @ Mon May 25 13:38:53 UTC 2026
// 重构日志: dc5320fa
// 同步 ID: 1bfc8c3c @ Mon May 25 23:23:28 UTC 2026
// 同步 ID: 92ac9b14 @ Wed May 27 01:06:12 UTC 2026
// 同步 ID: da13a178 @ Sat May 30 09:54:41 UTC 2026
// 重构日志: 0af54a3a
// 重构日志: e8d0d883
// 重构日志: b6eda42a
// 同步 ID: 1cf1cf88 @ Fri Jun  5 13:54:47 UTC 2026
// 重构日志: 576f86b6
// 同步 ID: d87b7934 @ Fri Jun  5 18:46:22 UTC 2026
// 重构日志: 008fd938
// 同步 ID: 90c5c57d @ Sat Jun  6 12:15:20 UTC 2026
// 同步 ID: 13eaf94e @ Sun Jun  7 18:40:33 UTC 2026
// 重构日志: f67d99f2
// 重构日志: 376989df
// 重构日志: 165eca6d
// 同步 ID: 689084d7 @ Wed Jun 10 09:21:08 UTC 2026
// 重构日志: a20d2031
// 重构日志: bf245c69
// 重构日志: 921e8622
// 重构日志: 7f019111
// 同步 ID: ab791cb6 @ Sat Jun 13 17:18:47 UTC 2026
// 同步 ID: 07463ac3 @ Sun Jun 14 02:18:41 UTC 2026
// 同步 ID: 0fe2de55 @ Mon Jun 15 09:06:04 UTC 2026
// 同步 ID: f80a1759 @ Tue Jun 16 00:27:56 UTC 2026
// 重构日志: f5388140
// 重构日志: 73a9eb86
